<?xml version="1.0" encoding="UTF-8"?>
<testsuite xmlns:xsi="http://www.w3.org/2001/XMLSchema-instance" xsi:noNamespaceSchemaLocation="https://maven.apache.org/surefire/maven-surefire-plugin/xsd/surefire-test-report.xsd" name="UpdateUserTest" time="8.636" tests="9" errors="0" skipped="0" failures="0">
  <properties>
[...]
</properties>
  <testcase name="updatePasswordWithoutAuthTest" classname="UpdateUserTest" time="0.897"/>
  <testcase name="updatePasswordWithAuthTest" classname="UpdateUserTest" time="1.122"/>
  <testcase name="updateExistMailTest" classname="UpdateUserTest" time="1.236"/>
  <testcase name="updateAllUserDataWithAuthTest" classname="UpdateUserTest" time="1.193"/>
  <testcase name="updateAllUserDataWithoutAuthTest" classname="UpdateUserTest" time="0.856"/>
  <testcase name="updateNameWithAuthTest" classname="UpdateUserTest" time="0.845"/>
  <testcase name="updateNameWithoutAuthTest" classname="UpdateUserTest" time="0.818"/>
  <testcase name="updateMailWithAuthTest" classname="UpdateUserTest" time="0.881"/>
  <testcase name="updateMailWithoutAuthTest" classname="UpdateUserTest" time="0.777"/>
</testsuite>